Warnings in file C:\Users\Carey\Desktop\repos\projectx\whack-a-mole\source\compare.luc:
    Line 5, Column 4 : "n" was never used
    Line 3, Column 4 : "z" was never used
    Line 4, Column 4 : "v" was never used
Warnings in file C:\Users\Carey\Desktop\repos\projectx\whack-a-mole\source\gamefsm.luc:
    Line 43, Column 4 : "times" was never used
    Line 14, Column 4 : "io_dip" was never used
    Line 27, Column 2 : "alumod" was never used
    Line 36, Column 4 : "store_presses" was never used
    Line 38, Column 4 : "temp_register" was never used
Warnings in file C:\Users\Carey\Desktop\repos\projectx\whack-a-mole\source\au_top.luc:
    Line 10, Column 4 : "io_button" was never used
Starting Vivado...

****** Vivado v2020.1 (64-bit)
  **** SW Build 2902540 on Wed May 27 19:54:49 MDT 2020
  **** IP Build 2902112 on Wed May 27 22:43:36 MDT 2020
    ** Copyright 1986-2020 Xilinx, Inc. All Rights Reserved.

source {C:\Users\Carey\Desktop\repos\projectx\whack-a-mole\work\project.tcl}
# set projDir "C:/Users/Carey/Desktop/repos/projectx/whack-a-mole/work/vivado"
# set projName "whack-a-mole"
# set topName top
# set device xc7a35tftg256-1
# if {[file exists "$projDir/$projName"]} { file delete -force "$projDir/$projName" }
# create_project $projName "$projDir/$projName" -part $device
# set_property design_mode RTL [get_filesets sources_1]
# set verilogSources [list "C:/Users/Carey/Desktop/repos/projectx/whack-a-mole/work/verilog/au_top_0.v" "C:/Users/Carey/Desktop/repos/projectx/whack-a-mole/work/verilog/gamefsm_1.v" "C:/Users/Carey/Desktop/repos/projectx/whack-a-mole/work/verilog/reset_conditioner_2.v" "C:/Users/Carey/Desktop/repos/projectx/whack-a-mole/work/verilog/button_conditioner_3.v" "C:/Users/Carey/Desktop/repos/projectx/whack-a-mole/work/verilog/edge_detector_4.v" "C:/Users/Carey/Desktop/repos/projectx/whack-a-mole/work/verilog/alu_5.v" "C:/Users/Carey/Desktop/repos/projectx/whack-a-mole/work/verilog/stateCounter_6.v" "C:/Users/Carey/Desktop/repos/projectx/whack-a-mole/work/verilog/multi_seven_seg_7.v" "C:/Users/Carey/Desktop/repos/projectx/whack-a-mole/work/verilog/pipeline_8.v" "C:/Users/Carey/Desktop/repos/projectx/whack-a-mole/work/verilog/adder_9.v" "C:/Users/Carey/Desktop/repos/projectx/whack-a-mole/work/verilog/compare_10.v" "C:/Users/Carey/Desktop/repos/projectx/whack-a-mole/work/verilog/boolean_11.v" "C:/Users/Carey/Desktop/repos/projectx/whack-a-mole/work/verilog/shifter_12.v" "C:/Users/Carey/Desktop/repos/projectx/whack-a-mole/work/verilog/counter_13.v" "C:/Users/Carey/Desktop/repos/projectx/whack-a-mole/work/verilog/seven_seg_14.v" "C:/Users/Carey/Desktop/repos/projectx/whack-a-mole/work/verilog/decoder_15.v" ]
# import_files -fileset [get_filesets sources_1] -force -norecurse $verilogSources
# set xdcSources [list "C:/Users/Carey/Desktop/repos/projectx/whack-a-mole/work/constraint/alchitry.xdc" "C:/Program\ Files/Alchitry/Alchitry\ Labs/library/components/au.xdc" "C:/Users/Carey/Desktop/repos/projectx/whack-a-mole/work/constraint/custom.xdc" "C:/Users/Carey/Desktop/repos/projectx/whack-a-mole/constraint/custom.xdc" ]
# read_xdc $xdcSources
# set_property STEPS.WRITE_BITSTREAM.ARGS.BIN_FILE true [get_runs impl_1]
# update_compile_order -fileset sources_1
# launch_runs -runs synth_1 -jobs 8

[Thu Dec  3 01:52:31 2020] Launched synth_1...
Run output will be captured here: C:/Users/Carey/Desktop/repos/projectx/whack-a-mole/work/vivado/whack-a-mole/whack-a-mole.runs/synth_1/runme.log
# wait_on_run synth_1
[Thu Dec  3 01:52:31 2020] Waiting for synth_1 to finish...

*** Running vivado
    with args -log au_top_0.vds -m64 -product Vivado -mode batch -messageDb vivado.pb -notrace -source au_top_0.tcl



****** Vivado v2020.1 (64-bit)
  **** SW Build 2902540 on Wed May 27 19:54:49 MDT 2020
  **** IP Build 2902112 on Wed May 27 22:43:36 MDT 2020
    ** Copyright 1986-2020 Xilinx, Inc. All Rights Reserved.

source au_top_0.tcl -notrace
Command: synth_design -top au_top_0 -part xc7a35tftg256-1
Starting synth_design
Attempting to get a license for feature 'Synthesis' and/or device 'xc7a35t'
INFO: [Common 17-349] Got license for feature 'Synthesis' and/or device 'xc7a35t'
INFO: [Device 21-403] Loading part xc7a35tftg256-1
INFO: [Synth 8-7079] Multithreading enabled for synth_design using a maximum of 2 processes.
INFO: [Synth 8-7078] Launching helper process for spawning children vivado processes
INFO: [Synth 8-7075] Helper process launched with PID 14632
---------------------------------------------------------------------------------
Starting RTL Elaboration : Time (s): cpu = 00:00:05 ; elapsed = 00:00:05 . Memory (MB): peak = 1013.957 ; gain = 0.000
---------------------------------------------------------------------------------
INFO: [Synth 8-6157] synthesizing module 'au_top_0' [C:/Users/Carey/Desktop/repos/projectx/whack-a-mole/work/vivado/whack-a-mole/whack-a-mole.srcs/sources_1/imports/verilog/au_top_0.v:7]
INFO: [Synth 8-6157] synthesizing module 'gamefsm_1' [C:/Users/Carey/Desktop/repos/projectx/whack-a-mole/work/vivado/whack-a-mole/whack-a-mole.srcs/sources_1/imports/verilog/gamefsm_1.v:7]
	Parameter INIT_state bound to: 4'b0000 
	Parameter IDLE_state bound to: 4'b0001 
	Parameter CHECK_CORRECT_PRESS_state bound to: 4'b0010 
	Parameter SHOW_SCORE_state bound to: 4'b0011 
	Parameter CALCULATE_SCORE_state bound to: 4'b0100 
	Parameter WAIT_state bound to: 4'b0101 
	Parameter CALCULATE_DIGIT_state bound to: 4'b0110 
	Parameter CALCULATE_DIGIT_INI_state bound to: 4'b0111 
	Parameter CALCULATE_SCORE_1_state bound to: 4'b1000 
	Parameter CALCULATE_SCORE_2_state bound to: 4'b1001 
	Parameter CALCULATE_SCORE_3_state bound to: 4'b1010 
INFO: [Synth 8-6157] synthesizing module 'alu_5' [C:/Users/Carey/Desktop/repos/projectx/whack-a-mole/work/vivado/whack-a-mole/whack-a-mole.srcs/sources_1/imports/verilog/alu_5.v:7]
INFO: [Synth 8-6157] synthesizing module 'adder_9' [C:/Users/Carey/Desktop/repos/projectx/whack-a-mole/work/vivado/whack-a-mole/whack-a-mole.srcs/sources_1/imports/verilog/adder_9.v:7]
INFO: [Synth 8-226] default block is never used [C:/Users/Carey/Desktop/repos/projectx/whack-a-mole/work/vivado/whack-a-mole/whack-a-mole.srcs/sources_1/imports/verilog/adder_9.v:23]
INFO: [Synth 8-6155] done synthesizing module 'adder_9' (1#1) [C:/Users/Carey/Desktop/repos/projectx/whack-a-mole/work/vivado/whack-a-mole/whack-a-mole.srcs/sources_1/imports/verilog/adder_9.v:7]
INFO: [Synth 8-6157] synthesizing module 'compare_10' [C:/Users/Carey/Desktop/repos/projectx/whack-a-mole/work/vivado/whack-a-mole/whack-a-mole.srcs/sources_1/imports/verilog/compare_10.v:7]
INFO: [Synth 8-6155] done synthesizing module 'compare_10' (2#1) [C:/Users/Carey/Desktop/repos/projectx/whack-a-mole/work/vivado/whack-a-mole/whack-a-mole.srcs/sources_1/imports/verilog/compare_10.v:7]
INFO: [Synth 8-6157] synthesizing module 'boolean_11' [C:/Users/Carey/Desktop/repos/projectx/whack-a-mole/work/vivado/whack-a-mole/whack-a-mole.srcs/sources_1/imports/verilog/boolean_11.v:7]
INFO: [Synth 8-6155] done synthesizing module 'boolean_11' (3#1) [C:/Users/Carey/Desktop/repos/projectx/whack-a-mole/work/vivado/whack-a-mole/whack-a-mole.srcs/sources_1/imports/verilog/boolean_11.v:7]
INFO: [Synth 8-6157] synthesizing module 'shifter_12' [C:/Users/Carey/Desktop/repos/projectx/whack-a-mole/work/vivado/whack-a-mole/whack-a-mole.srcs/sources_1/imports/verilog/shifter_12.v:7]
INFO: [Synth 8-226] default block is never used [C:/Users/Carey/Desktop/repos/projectx/whack-a-mole/work/vivado/whack-a-mole/whack-a-mole.srcs/sources_1/imports/verilog/shifter_12.v:18]
INFO: [Synth 8-6155] done synthesizing module 'shifter_12' (4#1) [C:/Users/Carey/Desktop/repos/projectx/whack-a-mole/work/vivado/whack-a-mole/whack-a-mole.srcs/sources_1/imports/verilog/shifter_12.v:7]
INFO: [Synth 8-226] default block is never used [C:/Users/Carey/Desktop/repos/projectx/whack-a-mole/work/vivado/whack-a-mole/whack-a-mole.srcs/sources_1/imports/verilog/alu_5.v:92]
INFO: [Synth 8-6155] done synthesizing module 'alu_5' (5#1) [C:/Users/Carey/Desktop/repos/projectx/whack-a-mole/work/vivado/whack-a-mole/whack-a-mole.srcs/sources_1/imports/verilog/alu_5.v:7]
INFO: [Synth 8-6157] synthesizing module 'stateCounter_6' [C:/Users/Carey/Desktop/repos/projectx/whack-a-mole/work/vivado/whack-a-mole/whack-a-mole.srcs/sources_1/imports/verilog/stateCounter_6.v:7]
INFO: [Synth 8-6155] done synthesizing module 'stateCounter_6' (6#1) [C:/Users/Carey/Desktop/repos/projectx/whack-a-mole/work/vivado/whack-a-mole/whack-a-mole.srcs/sources_1/imports/verilog/stateCounter_6.v:7]
INFO: [Synth 8-6157] synthesizing module 'multi_seven_seg_7' [C:/Users/Carey/Desktop/repos/projectx/whack-a-mole/work/vivado/whack-a-mole/whack-a-mole.srcs/sources_1/imports/verilog/multi_seven_seg_7.v:12]
	Parameter DIGITS bound to: 2'b10 
	Parameter DIV bound to: 5'b10000 
	Parameter DIGIT_BITS bound to: 1'b1 
INFO: [Synth 8-6157] synthesizing module 'counter_13' [C:/Users/Carey/Desktop/repos/projectx/whack-a-mole/work/vivado/whack-a-mole/whack-a-mole.srcs/sources_1/imports/verilog/counter_13.v:14]
	Parameter SIZE bound to: 1'b1 
	Parameter DIV bound to: 5'b10000 
	Parameter TOP bound to: 3'b001 
	Parameter UP bound to: 1'b1 
	Parameter MAX_VALUE bound to: 19'b0011111111111111111 
INFO: [Synth 8-6155] done synthesizing module 'counter_13' (7#1) [C:/Users/Carey/Desktop/repos/projectx/whack-a-mole/work/vivado/whack-a-mole/whack-a-mole.srcs/sources_1/imports/verilog/counter_13.v:14]
INFO: [Synth 8-6157] synthesizing module 'seven_seg_14' [C:/Users/Carey/Desktop/repos/projectx/whack-a-mole/work/vivado/whack-a-mole/whack-a-mole.srcs/sources_1/imports/verilog/seven_seg_14.v:7]
INFO: [Synth 8-6155] done synthesizing module 'seven_seg_14' (8#1) [C:/Users/Carey/Desktop/repos/projectx/whack-a-mole/work/vivado/whack-a-mole/whack-a-mole.srcs/sources_1/imports/verilog/seven_seg_14.v:7]
INFO: [Synth 8-6157] synthesizing module 'decoder_15' [C:/Users/Carey/Desktop/repos/projectx/whack-a-mole/work/vivado/whack-a-mole/whack-a-mole.srcs/sources_1/imports/verilog/decoder_15.v:11]
	Parameter WIDTH bound to: 1'b1 
INFO: [Synth 8-6155] done synthesizing module 'decoder_15' (9#1) [C:/Users/Carey/Desktop/repos/projectx/whack-a-mole/work/vivado/whack-a-mole/whack-a-mole.srcs/sources_1/imports/verilog/decoder_15.v:11]
INFO: [Synth 8-6155] done synthesizing module 'multi_seven_seg_7' (10#1) [C:/Users/Carey/Desktop/repos/projectx/whack-a-mole/work/vivado/whack-a-mole/whack-a-mole.srcs/sources_1/imports/verilog/multi_seven_seg_7.v:12]
INFO: [Synth 8-155] case statement is not full and has no default [C:/Users/Carey/Desktop/repos/projectx/whack-a-mole/work/vivado/whack-a-mole/whack-a-mole.srcs/sources_1/imports/verilog/gamefsm_1.v:118]
INFO: [Synth 8-6155] done synthesizing module 'gamefsm_1' (11#1) [C:/Users/Carey/Desktop/repos/projectx/whack-a-mole/work/vivado/whack-a-mole/whack-a-mole.srcs/sources_1/imports/verilog/gamefsm_1.v:7]
INFO: [Synth 8-6157] synthesizing module 'reset_conditioner_2' [C:/Users/Carey/Desktop/repos/projectx/whack-a-mole/work/vivado/whack-a-mole/whack-a-mole.srcs/sources_1/imports/verilog/reset_conditioner_2.v:11]
	Parameter STAGES bound to: 3'b100 
INFO: [Synth 8-6155] done synthesizing module 'reset_conditioner_2' (12#1) [C:/Users/Carey/Desktop/repos/projectx/whack-a-mole/work/vivado/whack-a-mole/whack-a-mole.srcs/sources_1/imports/verilog/reset_conditioner_2.v:11]
INFO: [Synth 8-6157] synthesizing module 'button_conditioner_3' [C:/Users/Carey/Desktop/repos/projectx/whack-a-mole/work/vivado/whack-a-mole/whack-a-mole.srcs/sources_1/imports/verilog/button_conditioner_3.v:13]
	Parameter CLK_FREQ bound to: 26'b10111110101111000010000000 
	Parameter MIN_DELAY bound to: 5'b10100 
	Parameter NUM_SYNC bound to: 2'b10 
INFO: [Synth 8-6157] synthesizing module 'pipeline_8' [C:/Users/Carey/Desktop/repos/projectx/whack-a-mole/work/vivado/whack-a-mole/whack-a-mole.srcs/sources_1/imports/verilog/pipeline_8.v:11]
	Parameter DEPTH bound to: 2'b10 
INFO: [Synth 8-6155] done synthesizing module 'pipeline_8' (13#1) [C:/Users/Carey/Desktop/repos/projectx/whack-a-mole/work/vivado/whack-a-mole/whack-a-mole.srcs/sources_1/imports/verilog/pipeline_8.v:11]
INFO: [Synth 8-6155] done synthesizing module 'button_conditioner_3' (14#1) [C:/Users/Carey/Desktop/repos/projectx/whack-a-mole/work/vivado/whack-a-mole/whack-a-mole.srcs/sources_1/imports/verilog/button_conditioner_3.v:13]
INFO: [Synth 8-6157] synthesizing module 'edge_detector_4' [C:/Users/Carey/Desktop/repos/projectx/whack-a-mole/work/vivado/whack-a-mole/whack-a-mole.srcs/sources_1/imports/verilog/edge_detector_4.v:12]
	Parameter RISE bound to: 1'b1 
	Parameter FALL bound to: 1'b0 
INFO: [Synth 8-6155] done synthesizing module 'edge_detector_4' (15#1) [C:/Users/Carey/Desktop/repos/projectx/whack-a-mole/work/vivado/whack-a-mole/whack-a-mole.srcs/sources_1/imports/verilog/edge_detector_4.v:12]
INFO: [Synth 8-6155] done synthesizing module 'au_top_0' (16#1) [C:/Users/Carey/Desktop/repos/projectx/whack-a-mole/work/vivado/whack-a-mole/whack-a-mole.srcs/sources_1/imports/verilog/au_top_0.v:7]
---------------------------------------------------------------------------------
Finished RTL Elaboration : Time (s): cpu = 00:00:07 ; elapsed = 00:00:07 . Memory (MB): peak = 1013.957 ; gain = 0.000
---------------------------------------------------------------------------------
---------------------------------------------------------------------------------
Start Handling Custom Attributes
---------------------------------------------------------------------------------
---------------------------------------------------------------------------------
Finished Handling Custom Attributes : Time (s): cpu = 00:00:07 ; elapsed = 00:00:08 . Memory (MB): peak = 1013.957 ; gain = 0.000
---------------------------------------------------------------------------------
---------------------------------------------------------------------------------
Finished RTL Optimization Phase 1 : Time (s): cpu = 00:00:07 ; elapsed = 00:00:08 . Memory (MB): peak = 1013.957 ; gain = 0.000
---------------------------------------------------------------------------------
Netlist sorting complete. Time (s): cpu = 00:00:00 ; elapsed = 00:00:00.012 . Memory (MB): peak = 1013.957 ; gain = 0.000
INFO: [Project 1-570] Preparing netlist for logic optimization

Processing XDC Constraints
Initializing timing engine
Parsing XDC File [C:/Users/Carey/Desktop/repos/projectx/whack-a-mole/work/constraint/alchitry.xdc]
Finished Parsing XDC File [C:/Users/Carey/Desktop/repos/projectx/whack-a-mole/work/constraint/alchitry.xdc]
INFO: [Project 1-236] Implementation specific constraints were found while reading constraint file [C:/Users/Carey/Desktop/repos/projectx/whack-a-mole/work/constraint/alchitry.xdc]. These constraints will be ignored for synthesis but will be used in implementation. Impacted constraints are listed in the file [.Xil/au_top_0_propImpl.xdc].
Resolution: To avoid this warning, move constraints listed in [.Xil/au_top_0_propImpl.xdc] to another XDC file and exclude this new file from synthesis with the used_in_synthesis property (File Properties dialog in GUI) and re-run elaboration/synthesis.
Parsing XDC File [C:/Program Files/Alchitry/Alchitry Labs/library/components/au.xdc]
Finished Parsing XDC File [C:/Program Files/Alchitry/Alchitry Labs/library/components/au.xdc]
Parsing XDC File [C:/Users/Carey/Desktop/repos/projectx/whack-a-mole/work/constraint/custom.xdc]
WARNING: [Constraints 18-619] A clock with name 'clk_0' already exists, overwriting the previous clock with the same name. [C:/Users/Carey/Desktop/repos/projectx/whack-a-mole/work/constraint/custom.xdc:2]
Finished Parsing XDC File [C:/Users/Carey/Desktop/repos/projectx/whack-a-mole/work/constraint/custom.xdc]
INFO: [Project 1-236] Implementation specific constraints were found while reading constraint file [C:/Users/Carey/Desktop/repos/projectx/whack-a-mole/work/constraint/custom.xdc]. These constraints will be ignored for synthesis but will be used in implementation. Impacted constraints are listed in the file [.Xil/au_top_0_propImpl.xdc].
Resolution: To avoid this warning, move constraints listed in [.Xil/au_top_0_propImpl.xdc] to another XDC file and exclude this new file from synthesis with the used_in_synthesis property (File Properties dialog in GUI) and re-run elaboration/synthesis.
Parsing XDC File [C:/Users/Carey/Desktop/repos/projectx/whack-a-mole/constraint/custom.xdc]
WARNING: [Vivado 12-507] No nets matched '<myHier/myNet>'. [C:/Users/Carey/Desktop/repos/projectx/whack-a-mole/constraint/custom.xdc:1]
CRITICAL WARNING: [Common 17-55] 'set_property' expects at least one object. [C:/Users/Carey/Desktop/repos/projectx/whack-a-mole/constraint/custom.xdc:1]
Resolution: If [get_<value>] was used to populate the object, check to make sure this command returns at least one valid object.
Finished Parsing XDC File [C:/Users/Carey/Desktop/repos/projectx/whack-a-mole/constraint/custom.xdc]
Completed Processing XDC Constraints

Netlist sorting complete. Time (s): cpu = 00:00:00 ; elapsed = 00:00:00.001 . Memory (MB): peak = 1013.957 ; gain = 0.000
INFO: [Project 1-111] Unisim Transformation Summary:
No Unisim elements were transformed.

Constraint Validation Runtime : Time (s): cpu = 00:00:00 ; elapsed = 00:00:00.005 . Memory (MB): peak = 1013.957 ; gain = 0.000
---------------------------------------------------------------------------------
Finished Constraint Validation : Time (s): cpu = 00:00:17 ; elapsed = 00:00:17 . Memory (MB): peak = 1013.957 ; gain = 0.000
---------------------------------------------------------------------------------
---------------------------------------------------------------------------------
Start Loading Part and Timing Information
---------------------------------------------------------------------------------
Loading part: xc7a35tftg256-1
---------------------------------------------------------------------------------
Finished Loading Part and Timing Information : Time (s): cpu = 00:00:17 ; elapsed = 00:00:17 . Memory (MB): peak = 1013.957 ; gain = 0.000
---------------------------------------------------------------------------------
---------------------------------------------------------------------------------
Start Applying 'set_property' XDC Constraints
---------------------------------------------------------------------------------
---------------------------------------------------------------------------------
Finished applying 'set_property' XDC Constraints : Time (s): cpu = 00:00:17 ; elapsed = 00:00:18 . Memory (MB): peak = 1013.957 ; gain = 0.000
---------------------------------------------------------------------------------
INFO: [Synth 8-802] inferred FSM for state register 'M_state_q_reg' in module 'gamefsm_1'
---------------------------------------------------------------------------------------------------
                   State |                     New Encoding |                Previous Encoding 
---------------------------------------------------------------------------------------------------
              INIT_state |                             0000 |                             0000
              IDLE_state |                             0001 |                             0001
CHECK_CORRECT_PRESS_state |                             0010 |                             0010
   CALCULATE_SCORE_state |                             0011 |                             0100
 CALCULATE_SCORE_3_state |                             0100 |                             1010
CALCULATE_DIGIT_INI_state |                             0101 |                             0111
   CALCULATE_DIGIT_state |                             0110 |                             0110
        SHOW_SCORE_state |                             0111 |                             0011
              WAIT_state |                             1000 |                             0101
---------------------------------------------------------------------------------------------------
INFO: [Synth 8-3354] encoded FSM with state register 'M_state_q_reg' using encoding 'sequential' in module 'gamefsm_1'
---------------------------------------------------------------------------------
Finished RTL Optimization Phase 2 : Time (s): cpu = 00:00:17 ; elapsed = 00:00:18 . Memory (MB): peak = 1013.957 ; gain = 0.000
---------------------------------------------------------------------------------
---------------------------------------------------------------------------------
Start RTL Component Statistics 
---------------------------------------------------------------------------------
Detailed RTL Component Info : 
+---Adders : 
	   2 Input   17 Bit       Adders := 1     
	   3 Input   16 Bit       Adders := 1     
	   2 Input   16 Bit       Adders := 2     
	   2 Input    4 Bit       Adders := 3     
+---XORs : 
	   2 Input      1 Bit         XORs := 16    
+---Registers : 
	               17 Bit    Registers := 1     
	               16 Bit    Registers := 2     
	                4 Bit    Registers := 3     
	                3 Bit    Registers := 1     
	                2 Bit    Registers := 3     
	                1 Bit    Registers := 3     
+---Muxes : 
	   2 Input   17 Bit        Muxes := 1     
	   2 Input   16 Bit        Muxes := 1     
	   4 Input   16 Bit        Muxes := 2     
	   9 Input   16 Bit        Muxes := 2     
	   2 Input    4 Bit        Muxes := 4     
	   9 Input    4 Bit        Muxes := 3     
	   2 Input    3 Bit        Muxes := 2     
	   9 Input    3 Bit        Muxes := 3     
	   2 Input    1 Bit        Muxes := 5     
	   9 Input    1 Bit        Muxes := 5     
---------------------------------------------------------------------------------
Finished RTL Component Statistics 
---------------------------------------------------------------------------------
---------------------------------------------------------------------------------
Start Part Resource Summary
---------------------------------------------------------------------------------
Part Resources:
DSPs: 90 (col length:60)
BRAMs: 100 (col length: RAMB18 60 RAMB36 30)
---------------------------------------------------------------------------------
Finished Part Resource Summary
---------------------------------------------------------------------------------
---------------------------------------------------------------------------------
Start Cross Boundary and Area Optimization
---------------------------------------------------------------------------------
DSP Report: Generating DSP comp/cmp0, operation Mode is: A*B.
DSP Report: operator comp/cmp0 is absorbed into DSP comp/cmp0.
---------------------------------------------------------------------------------
Finished Cross Boundary and Area Optimization : Time (s): cpu = 00:00:21 ; elapsed = 00:00:22 . Memory (MB): peak = 1013.957 ; gain = 0.000
---------------------------------------------------------------------------------
---------------------------------------------------------------------------------
Start ROM, RAM, DSP and Shift Register Reporting
---------------------------------------------------------------------------------

DSP: Preliminary Mapping	Report (see note below)
+------------+-------------+--------+--------+--------+--------+--------+------+------+------+------+-------+------+------+
|Module Name | DSP Mapping | A Size | B Size | C Size | D Size | P Size | AREG | BREG | CREG | DREG | ADREG | MREG | PREG | 
+------------+-------------+--------+--------+--------+--------+--------+------+------+------+------+-------+------+------+
|compare_10  | A*B         | 16     | 16     | -      | -      | 32     | 0    | 0    | -    | -    | -     | 0    | 0    | 
+------------+-------------+--------+--------+--------+--------+--------+------+------+------+------+-------+------+------+

Note: The table above is a preliminary report that shows the DSPs inferred at the current stage of the synthesis flow. Some DSP may be reimplemented as non DSP primitives later in the synthesis flow. Multiple instantiated DSPs are reported only once.
---------------------------------------------------------------------------------
Finished ROM, RAM, DSP and Shift Register Reporting
---------------------------------------------------------------------------------
---------------------------------------------------------------------------------
Start Applying XDC Timing Constraints
---------------------------------------------------------------------------------
WARNING: [Synth 8-565] redefining clock 'clk_0'
---------------------------------------------------------------------------------
Finished Applying XDC Timing Constraints : Time (s): cpu = 00:00:31 ; elapsed = 00:00:33 . Memory (MB): peak = 1013.957 ; gain = 0.000
---------------------------------------------------------------------------------
---------------------------------------------------------------------------------
Start Timing Optimization
---------------------------------------------------------------------------------
---------------------------------------------------------------------------------
Finished Timing Optimization : Time (s): cpu = 00:00:32 ; elapsed = 00:00:34 . Memory (MB): peak = 1013.957 ; gain = 0.000
---------------------------------------------------------------------------------
---------------------------------------------------------------------------------
Start Technology Mapping
---------------------------------------------------------------------------------
---------------------------------------------------------------------------------
Finished Technology Mapping : Time (s): cpu = 00:00:33 ; elapsed = 00:00:34 . Memory (MB): peak = 1013.957 ; gain = 0.000
---------------------------------------------------------------------------------
---------------------------------------------------------------------------------
Start IO Insertion
---------------------------------------------------------------------------------
---------------------------------------------------------------------------------
Start Flattening Before IO Insertion
---------------------------------------------------------------------------------
---------------------------------------------------------------------------------
Finished Flattening Before IO Insertion
---------------------------------------------------------------------------------
---------------------------------------------------------------------------------
Start Final Netlist Cleanup
---------------------------------------------------------------------------------
---------------------------------------------------------------------------------
Finished Final Netlist Cleanup
---------------------------------------------------------------------------------
---------------------------------------------------------------------------------
Finished IO Insertion : Time (s): cpu = 00:00:38 ; elapsed = 00:00:40 . Memory (MB): peak = 1013.957 ; gain = 0.000
---------------------------------------------------------------------------------
---------------------------------------------------------------------------------
Start Renaming Generated Instances
---------------------------------------------------------------------------------
---------------------------------------------------------------------------------
Finished Renaming Generated Instances : Time (s): cpu = 00:00:38 ; elapsed = 00:00:40 . Memory (MB): peak = 1013.957 ; gain = 0.000
---------------------------------------------------------------------------------
---------------------------------------------------------------------------------
Start Rebuilding User Hierarchy
---------------------------------------------------------------------------------
---------------------------------------------------------------------------------
Finished Rebuilding User Hierarchy : Time (s): cpu = 00:00:39 ; elapsed = 00:00:40 . Memory (MB): peak = 1013.957 ; gain = 0.000
---------------------------------------------------------------------------------
---------------------------------------------------------------------------------
Start Renaming Generated Ports
---------------------------------------------------------------------------------
---------------------------------------------------------------------------------
Finished Renaming Generated Ports : Time (s): cpu = 00:00:39 ; elapsed = 00:00:40 . Memory (MB): peak = 1013.957 ; gain = 0.000
---------------------------------------------------------------------------------
---------------------------------------------------------------------------------
Start Handling Custom Attributes
---------------------------------------------------------------------------------
---------------------------------------------------------------------------------
Finished Handling Custom Attributes : Time (s): cpu = 00:00:39 ; elapsed = 00:00:40 . Memory (MB): peak = 1013.957 ; gain = 0.000
---------------------------------------------------------------------------------
---------------------------------------------------------------------------------
Start Renaming Generated Nets
---------------------------------------------------------------------------------
---------------------------------------------------------------------------------
Finished Renaming Generated Nets : Time (s): cpu = 00:00:39 ; elapsed = 00:00:40 . Memory (MB): peak = 1013.957 ; gain = 0.000
---------------------------------------------------------------------------------
---------------------------------------------------------------------------------
Start Writing Synthesis Report
---------------------------------------------------------------------------------

Report BlackBoxes: 
+-+--------------+----------+
| |BlackBox name |Instances |
+-+--------------+----------+
+-+--------------+----------+

Report Cell Usage: 
+------+-------+------+
|      |Cell   |Count |
+------+-------+------+
|1     |BUFG   |     1|
|2     |CARRY4 |    31|
|3     |LUT1   |    13|
|4     |LUT2   |    21|
|5     |LUT3   |     1|
|6     |LUT4   |    20|
|7     |LUT5   |    20|
|8     |LUT6   |    26|
|9     |FDRE   |   145|
|10    |FDSE   |     4|
|11    |IBUF   |     7|
|12    |OBUF   |    24|
+------+-------+------+
---------------------------------------------------------------------------------
Finished Writing Synthesis Report : Time (s): cpu = 00:00:39 ; elapsed = 00:00:40 . Memory (MB): peak = 1013.957 ; gain = 0.000
---------------------------------------------------------------------------------
Synthesis finished with 0 errors, 0 critical warnings and 1 warnings.
Synthesis Optimization Runtime : Time (s): cpu = 00:00:28 ; elapsed = 00:00:37 . Memory (MB): peak = 1013.957 ; gain = 0.000
Synthesis Optimization Complete : Time (s): cpu = 00:00:39 ; elapsed = 00:00:41 . Memory (MB): peak = 1013.957 ; gain = 0.000
INFO: [Project 1-571] Translating synthesized netlist
Netlist sorting complete. Time (s): cpu = 00:00:00 ; elapsed = 00:00:00.017 . Memory (MB): peak = 1013.957 ; gain = 0.000
INFO: [Netlist 29-17] Analyzing 31 Unisim elements for replacement
INFO: [Netlist 29-28] Unisim Transformation completed in 0 CPU seconds
INFO: [Project 1-570] Preparing netlist for logic optimization
INFO: [Opt 31-138] Pushed 0 inverter(s) to 0 load pin(s).
Netlist sorting complete. Time (s): cpu = 00:00:00 ; elapsed = 00:00:00 . Memory (MB): peak = 1013.957 ; gain = 0.000
INFO: [Project 1-111] Unisim Transformation Summary:
No Unisim elements were transformed.

INFO: [Common 17-83] Releasing license: Synthesis
54 Infos, 3 Warnings, 1 Critical Warnings and 0 Errors encountered.
synth_design completed successfully
synth_design: Time (s): cpu = 00:00:49 ; elapsed = 00:00:54 . Memory (MB): peak = 1013.957 ; gain = 0.000
INFO: [Common 17-1381] The checkpoint 'C:/Users/Carey/Desktop/repos/projectx/whack-a-mole/work/vivado/whack-a-mole/whack-a-mole.runs/synth_1/au_top_0.dcp' has been generated.
INFO: [runtcl-4] Executing : report_utilization -file au_top_0_utilization_synth.rpt -pb au_top_0_utilization_synth.pb
INFO: [Common 17-206] Exiting Vivado at Thu Dec  3 01:53:33 2020...
[Thu Dec  3 01:53:37 2020] synth_1 finished
wait_on_run: Time (s): cpu = 00:00:00 ; elapsed = 00:01:06 . Memory (MB): peak = 1012.840 ; gain = 0.000
# launch_runs impl_1 -to_step write_bitstream -jobs 8
[Thu Dec  3 01:53:37 2020] Launched impl_1...
Run output will be captured here: C:/Users/Carey/Desktop/repos/projectx/whack-a-mole/work/vivado/whack-a-mole/whack-a-mole.runs/impl_1/runme.log
# wait_on_run impl_1
[Thu Dec  3 01:53:37 2020] Waiting for impl_1 to finish...


*** Running vivado
    with args -log au_top_0.vdi -applog -m64 -product Vivado -messageDb vivado.pb -mode batch -source au_top_0.tcl -notrace



****** Vivado v2020.1 (64-bit)
  **** SW Build 2902540 on Wed May 27 19:54:49 MDT 2020
  **** IP Build 2902112 on Wed May 27 22:43:36 MDT 2020
    ** Copyright 1986-2020 Xilinx, Inc. All Rights Reserved.

source au_top_0.tcl -notrace
Command: link_design -top au_top_0 -part xc7a35tftg256-1
Design is defaulting to srcset: sources_1
Design is defaulting to constrset: constrs_1
INFO: [Device 21-403] Loading part xc7a35tftg256-1
Netlist sorting complete. Time (s): cpu = 00:00:00 ; elapsed = 00:00:00.004 . Memory (MB): peak = 1013.168 ; gain = 0.000
INFO: [Netlist 29-17] Analyzing 31 Unisim elements for replacement
INFO: [Netlist 29-28] Unisim Transformation completed in 0 CPU seconds
INFO: [Project 1-479] Netlist was created with Vivado 2020.1
INFO: [Project 1-570] Preparing netlist for logic optimization
Parsing XDC File [C:/Users/Carey/Desktop/repos/projectx/whack-a-mole/work/constraint/alchitry.xdc]
Finished Parsing XDC File [C:/Users/Carey/Desktop/repos/projectx/whack-a-mole/work/constraint/alchitry.xdc]
Parsing XDC File [C:/Program Files/Alchitry/Alchitry Labs/library/components/au.xdc]
Finished Parsing XDC File [C:/Program Files/Alchitry/Alchitry Labs/library/components/au.xdc]
Parsing XDC File [C:/Users/Carey/Desktop/repos/projectx/whack-a-mole/work/constraint/custom.xdc]
WARNING: [Constraints 18-619] A clock with name 'clk_0' already exists, overwriting the previous clock with the same name. [C:/Users/Carey/Desktop/repos/projectx/whack-a-mole/work/constraint/custom.xdc:2]
Finished Parsing XDC File [C:/Users/Carey/Desktop/repos/projectx/whack-a-mole/work/constraint/custom.xdc]
Parsing XDC File [C:/Users/Carey/Desktop/repos/projectx/whack-a-mole/constraint/custom.xdc]
WARNING: [Vivado 12-507] No nets matched '<myHier/myNet>'. [C:/Users/Carey/Desktop/repos/projectx/whack-a-mole/constraint/custom.xdc:1]
CRITICAL WARNING: [Common 17-55] 'set_property' expects at least one object. [C:/Users/Carey/Desktop/repos/projectx/whack-a-mole/constraint/custom.xdc:1]
Resolution: If [get_<value>] was used to populate the object, check to make sure this command returns at least one valid object.
Finished Parsing XDC File [C:/Users/Carey/Desktop/repos/projectx/whack-a-mole/constraint/custom.xdc]
INFO: [Opt 31-138] Pushed 0 inverter(s) to 0 load pin(s).
Netlist sorting complete. Time (s): cpu = 00:00:00 ; elapsed = 00:00:00 . Memory (MB): peak = 1013.168 ; gain = 0.000
INFO: [Project 1-111] Unisim Transformation Summary:
No Unisim elements were transformed.

7 Infos, 2 Warnings, 1 Critical Warnings and 0 Errors encountered.
link_design completed successfully
link_design: Time (s): cpu = 00:00:13 ; elapsed = 00:00:18 . Memory (MB): peak = 1013.168 ; gain = 0.000
Command: opt_design
Attempting to get a license for feature 'Implementation' and/or device 'xc7a35t'
INFO: [Common 17-349] Got license for feature 'Implementation' and/or device 'xc7a35t'
Running DRC as a precondition to command opt_design

Starting DRC Task
INFO: [DRC 23-27] Running DRC with 2 threads
INFO: [Project 1-461] DRC finished with 0 Errors
INFO: [Project 1-462] Please refer to the DRC report (report_drc) for more information.

Time (s): cpu = 00:00:02 ; elapsed = 00:00:02 . Memory (MB): peak = 1013.168 ; gain = 0.000

Starting Cache Timing Information Task
INFO: [Timing 38-35] Done setting XDC timing constraints.
Ending Cache Timing Information Task | Checksum: 1e4935f71

Time (s): cpu = 00:00:15 ; elapsed = 00:00:15 . Memory (MB): peak = 1243.246 ; gain = 230.078

Starting Logic Optimization Task

Phase 1 Retarget
INFO: [Opt 31-138] Pushed 0 inverter(s) to 0 load pin(s).
INFO: [Opt 31-49] Retargeted 0 cell(s).
Phase 1 Retarget | Checksum: 1e4935f71

Time (s): cpu = 00:00:00 ; elapsed = 00:00:00.022 . Memory (MB): peak = 1441.613 ; gain = 0.000
INFO: [Opt 31-389] Phase Retarget created 0 cells and removed 0 cells

Phase 2 Constant propagation
INFO: [Opt 31-138] Pushed 0 inverter(s) to 0 load pin(s).
Phase 2 Constant propagation | Checksum: 1e4935f71

Time (s): cpu = 00:00:00 ; elapsed = 00:00:00.027 . Memory (MB): peak = 1441.613 ; gain = 0.000
INFO: [Opt 31-389] Phase Constant propagation created 0 cells and removed 0 cells

Phase 3 Sweep
Phase 3 Sweep | Checksum: 19ebf6254

Time (s): cpu = 00:00:00 ; elapsed = 00:00:00.037 . Memory (MB): peak = 1441.613 ; gain = 0.000
INFO: [Opt 31-389] Phase Sweep created 0 cells and removed 0 cells

Phase 4 BUFG optimization
Phase 4 BUFG optimization | Checksum: 19ebf6254

Time (s): cpu = 00:00:00 ; elapsed = 00:00:00.042 . Memory (MB): peak = 1441.613 ; gain = 0.000
INFO: [Opt 31-662] Phase BUFG optimization created 0 cells of which 0 are BUFGs and removed 0 cells.

Phase 5 Shift Register Optimization
INFO: [Opt 31-1064] SRL Remap converted 0 SRLs to 0 registers and converted 0 registers of register chains to 0 SRLs
Phase 5 Shift Register Optimization | Checksum: 19ebf6254

Time (s): cpu = 00:00:00 ; elapsed = 00:00:00.047 . Memory (MB): peak = 1441.613 ; gain = 0.000
INFO: [Opt 31-389] Phase Shift Register Optimization created 0 cells and removed 0 cells

Phase 6 Post Processing Netlist
Phase 6 Post Processing Netlist | Checksum: 19ebf6254

Time (s): cpu = 00:00:00 ; elapsed = 00:00:00.049 . Memory (MB): peak = 1441.613 ; gain = 0.000
INFO: [Opt 31-389] Phase Post Processing Netlist created 0 cells and removed 0 cells
Opt_design Change Summary
=========================


-------------------------------------------------------------------------------------------------------------------------
|  Phase                        |  #Cells created  |  #Cells Removed  |  #Constrained objects preventing optimizations  |
-------------------------------------------------------------------------------------------------------------------------
|  Retarget                     |               0  |               0  |                                              0  |
|  Constant propagation         |               0  |               0  |                                              0  |
|  Sweep                        |               0  |               0  |                                              0  |
|  BUFG optimization            |               0  |               0  |                                              0  |
|  Shift Register Optimization  |               0  |               0  |                                              0  |
|  Post Processing Netlist      |               0  |               0  |                                              0  |
-------------------------------------------------------------------------------------------------------------------------



Starting Connectivity Check Task

Time (s): cpu = 00:00:00 ; elapsed = 00:00:00.001 . Memory (MB): peak = 1441.613 ; gain = 0.000
Ending Logic Optimization Task | Checksum: 1ec713974

Time (s): cpu = 00:00:00 ; elapsed = 00:00:00.096 . Memory (MB): peak = 1441.613 ; gain = 0.000

Starting Power Optimization Task
INFO: [Pwropt 34-132] Skipping clock gating for clocks with a period < 2.00 ns.
Ending Power Optimization Task | Checksum: 1ec713974

Time (s): cpu = 00:00:00 ; elapsed = 00:00:00.008 . Memory (MB): peak = 1441.613 ; gain = 0.000

Starting Final Cleanup Task
Ending Final Cleanup Task | Checksum: 1ec713974

Time (s): cpu = 00:00:00 ; elapsed = 00:00:00 . Memory (MB): peak = 1441.613 ; gain = 0.000

Starting Netlist Obfuscation Task
Netlist sorting complete. Time (s): cpu = 00:00:00 ; elapsed = 00:00:00 . Memory (MB): peak = 1441.613 ; gain = 0.000
Ending Netlist Obfuscation Task | Checksum: 1ec713974

Time (s): cpu = 00:00:00 ; elapsed = 00:00:00 . Memory (MB): peak = 1441.613 ; gain = 0.000
INFO: [Common 17-83] Releasing license: Implementation
24 Infos, 2 Warnings, 1 Critical Warnings and 0 Errors encountered.
opt_design completed successfully
opt_design: Time (s): cpu = 00:00:20 ; elapsed = 00:00:19 . Memory (MB): peak = 1441.613 ; gain = 428.445
INFO: [Timing 38-480] Writing timing data to binary archive.
Writing placer database...
Writing XDEF routing.
Writing XDEF routing logical nets.
Writing XDEF routing special nets.
Write XDEF Complete: Time (s): cpu = 00:00:00 ; elapsed = 00:00:00.050 . Memory (MB): peak = 1441.613 ; gain = 0.000
INFO: [Common 17-1381] The checkpoint 'C:/Users/Carey/Desktop/repos/projectx/whack-a-mole/work/vivado/whack-a-mole/whack-a-mole.runs/impl_1/au_top_0_opt.dcp' has been generated.
INFO: [runtcl-4] Executing : report_drc -file au_top_0_drc_opted.rpt -pb au_top_0_drc_opted.pb -rpx au_top_0_drc_opted.rpx
Command: report_drc -file au_top_0_drc_opted.rpt -pb au_top_0_drc_opted.pb -rpx au_top_0_drc_opted.rpx
INFO: [IP_Flow 19-234] Refreshing IP repositories
INFO: [IP_Flow 19-1704] No user IP repositories specified
INFO: [IP_Flow 19-2313] Loaded Vivado IP repository 'C:/Xilinx/Vivado/2020.1/data/ip'.
INFO: [DRC 23-27] Running DRC with 2 threads
INFO: [Coretcl 2-168] The results of DRC are in file C:/Users/Carey/Desktop/repos/projectx/whack-a-mole/work/vivado/whack-a-mole/whack-a-mole.runs/impl_1/au_top_0_drc_opted.rpt.
report_drc completed successfully
Command: place_design
Attempting to get a license for feature 'Implementation' and/or device 'xc7a35t'
INFO: [Common 17-349] Got license for feature 'Implementation' and/or device 'xc7a35t'
INFO: [DRC 23-27] Running DRC with 2 threads
INFO: [Vivado_Tcl 4-198] DRC finished with 0 Errors
INFO: [Vivado_Tcl 4-199] Please refer to the DRC report (report_drc) for more information.
Running DRC as a precondition to command place_design
INFO: [DRC 23-27] Running DRC with 2 threads
INFO: [Vivado_Tcl 4-198] DRC finished with 0 Errors
INFO: [Vivado_Tcl 4-199] Please refer to the DRC report (report_drc) for more information.

Starting Placer Task
INFO: [Place 30-611] Multithreading enabled for place_design using a maximum of 2 CPUs

Phase 1 Placer Initialization

Phase 1.1 Placer Initialization Netlist Sorting
Netlist sorting complete. Time (s): cpu = 00:00:00 ; elapsed = 00:00:00 . Memory (MB): peak = 1441.613 ; gain = 0.000
Phase 1.1 Placer Initialization Netlist Sorting | Checksum: 16cd4c063

Time (s): cpu = 00:00:00 ; elapsed = 00:00:00.007 . Memory (MB): peak = 1441.613 ; gain = 0.000
Netlist sorting complete. Time (s): cpu = 00:00:00 ; elapsed = 00:00:00 . Memory (MB): peak = 1441.613 ; gain = 0.000

Phase 1.2 IO Placement/ Clock Placement/ Build Placer Device
INFO: [Timing 38-35] Done setting XDC timing constraints.
Phase 1.2 IO Placement/ Clock Placement/ Build Placer Device | Checksum: ba13ed4f

Time (s): cpu = 00:00:01 ; elapsed = 00:00:00.771 . Memory (MB): peak = 1441.613 ; gain = 0.000

Phase 1.3 Build Placer Netlist Model
Phase 1.3 Build Placer Netlist Model | Checksum: 14734c4dd

Time (s): cpu = 00:00:02 ; elapsed = 00:00:00.981 . Memory (MB): peak = 1441.613 ; gain = 0.000

Phase 1.4 Constrain Clocks/Macros
Phase 1.4 Constrain Clocks/Macros | Checksum: 14734c4dd

Time (s): cpu = 00:00:02 ; elapsed = 00:00:00.983 . Memory (MB): peak = 1441.613 ; gain = 0.000
Phase 1 Placer Initialization | Checksum: 14734c4dd

Time (s): cpu = 00:00:02 ; elapsed = 00:00:00.986 . Memory (MB): peak = 1441.613 ; gain = 0.000

Phase 2 Global Placement

Phase 2.1 Floorplanning
Phase 2.1 Floorplanning | Checksum: e24a27d6

Time (s): cpu = 00:00:02 ; elapsed = 00:00:01 . Memory (MB): peak = 1441.613 ; gain = 0.000

Phase 2.2 Global Placement Core

Phase 2.2.1 Physical Synthesis In Placer
INFO: [Physopt 32-1035] Found 0 LUTNM shape to break, 2 LUT instances to create LUTNM shape
INFO: [Physopt 32-1044] Break lutnm for timing: one critical 0, two critical 0, total 0, new lutff created 0
INFO: [Physopt 32-775] End 1 Pass. Optimized 1 net or cell. Created 0 new cell, deleted 1 existing cell and moved 0 existing cell
INFO: [Physopt 32-65] No nets found for high-fanout optimization.
INFO: [Physopt 32-232] Optimized 0 net. Created 0 new instance.
INFO: [Physopt 32-775] End 1 Pass. Optimized 0 net or cell. Created 0 new cell, deleted 0 existing cell and moved 0 existing cell
INFO: [Physopt 32-670] No setup violation found.  DSP Register Optimization was not performed.
INFO: [Physopt 32-670] No setup violation found.  Shift Register to Pipeline Optimization was not performed.
INFO: [Physopt 32-670] No setup violation found.  Shift Register Optimization was not performed.
INFO: [Physopt 32-670] No setup violation found.  BRAM Register Optimization was not performed.
INFO: [Physopt 32-670] No setup violation found.  URAM Register Optimization was not performed.
INFO: [Physopt 32-949] No candidate nets found for HD net replication
INFO: [Physopt 32-775] End 1 Pass. Optimized 0 net or cell. Created 0 new cell, deleted 0 existing cell and moved 0 existing cell
Netlist sorting complete. Time (s): cpu = 00:00:00 ; elapsed = 00:00:00 . Memory (MB): peak = 1441.613 ; gain = 0.000

Summary of Physical Synthesis Optimizations
============================================


-----------------------------------------------------------------------------------------------------------------------------------------------------------
|  Optimization                                     |  Added Cells  |  Removed Cells  |  Optimized Cells/Nets  |  Dont Touch  |  Iterations  |  Elapsed   |
-----------------------------------------------------------------------------------------------------------------------------------------------------------
|  LUT Combining                                    |            0  |              1  |                     1  |           0  |           1  |  00:00:00  |
|  Very High Fanout                                 |            0  |              0  |                     0  |           0  |           1  |  00:00:00  |
|  DSP Register                                     |            0  |              0  |                     0  |           0  |           0  |  00:00:00  |
|  Shift Register to Pipeline                       |            0  |              0  |                     0  |           0  |           0  |  00:00:00  |
|  Shift Register                                   |            0  |              0  |                     0  |           0  |           0  |  00:00:00  |
|  BRAM Register                                    |            0  |              0  |                     0  |           0  |           0  |  00:00:00  |
|  URAM Register                                    |            0  |              0  |                     0  |           0  |           0  |  00:00:00  |
|  Dynamic/Static Region Interface Net Replication  |            0  |              0  |                     0  |           0  |           1  |  00:00:00  |
|  Total                                            |            0  |              1  |                     1  |           0  |           3  |  00:00:00  |
-----------------------------------------------------------------------------------------------------------------------------------------------------------


Phase 2.2.1 Physical Synthesis In Placer | Checksum: 1609f39ce

Time (s): cpu = 00:00:04 ; elapsed = 00:00:02 . Memory (MB): peak = 1441.613 ; gain = 0.000
Phase 2.2 Global Placement Core | Checksum: e61cbc30

Time (s): cpu = 00:00:04 ; elapsed = 00:00:02 . Memory (MB): peak = 1441.613 ; gain = 0.000
Phase 2 Global Placement | Checksum: e61cbc30

Time (s): cpu = 00:00:04 ; elapsed = 00:00:02 . Memory (MB): peak = 1441.613 ; gain = 0.000

Phase 3 Detail Placement

Phase 3.1 Commit Multi Column Macros
Phase 3.1 Commit Multi Column Macros | Checksum: ecadd084

Time (s): cpu = 00:00:04 ; elapsed = 00:00:02 . Memory (MB): peak = 1441.613 ; gain = 0.000

Phase 3.2 Commit Most Macros & LUTRAMs
Phase 3.2 Commit Most Macros & LUTRAMs | Checksum: 2198b1837

Time (s): cpu = 00:00:04 ; elapsed = 00:00:02 . Memory (MB): peak = 1441.613 ; gain = 0.000

Phase 3.3 Area Swap Optimization
Phase 3.3 Area Swap Optimization | Checksum: 20a4e250e

Time (s): cpu = 00:00:04 ; elapsed = 00:00:02 . Memory (MB): peak = 1441.613 ; gain = 0.000

Phase 3.4 Pipeline Register Optimization
Phase 3.4 Pipeline Register Optimization | Checksum: 1441ce2aa

Time (s): cpu = 00:00:04 ; elapsed = 00:00:02 . Memory (MB): peak = 1441.613 ; gain = 0.000

Phase 3.5 Small Shape Detail Placement
Phase 3.5 Small Shape Detail Placement | Checksum: 205398a0f

Time (s): cpu = 00:00:04 ; elapsed = 00:00:02 . Memory (MB): peak = 1441.613 ; gain = 0.000

Phase 3.6 Re-assign LUT pins
Phase 3.6 Re-assign LUT pins | Checksum: 1e3cb41cd

Time (s): cpu = 00:00:04 ; elapsed = 00:00:02 . Memory (MB): peak = 1441.613 ; gain = 0.000

Phase 3.7 Pipeline Register Optimization
Phase 3.7 Pipeline Register Optimization | Checksum: eb794d2d

Time (s): cpu = 00:00:04 ; elapsed = 00:00:02 . Memory (MB): peak = 1441.613 ; gain = 0.000
Phase 3 Detail Placement | Checksum: eb794d2d

Time (s): cpu = 00:00:04 ; elapsed = 00:00:02 . Memory (MB): peak = 1441.613 ; gain = 0.000

Phase 4 Post Placement Optimization and Clean-Up

Phase 4.1 Post Commit Optimization
INFO: [Timing 38-35] Done setting XDC timing constraints.

Phase 4.1.1 Post Placement Optimization
Post Placement Optimization Initialization | Checksum: d0ccbcaf

Phase 4.1.1.1 BUFG Insertion

Starting Physical Synthesis Task

Phase 1 Physical Synthesis Initialization
INFO: [Physopt 32-721] Multithreading enabled for phys_opt_design using a maximum of 2 CPUs
INFO: [Physopt 32-619] Estimated Timing Summary | WNS=4.898 | TNS=0.000 |
Phase 1 Physical Synthesis Initialization | Checksum: a1611c21

Time (s): cpu = 00:00:00 ; elapsed = 00:00:00.024 . Memory (MB): peak = 1449.102 ; gain = 0.000
INFO: [Place 46-56] BUFG insertion identified 0 candidate nets. Inserted BUFG: 0, Replicated BUFG Driver: 0, Skipped due to Placement/Routing Conflicts: 0, Skipped due to Timing Degradation: 0, Skipped due to Illegal Netlist: 0.
Ending Physical Synthesis Task | Checksum: 140ff1af3

Time (s): cpu = 00:00:00 ; elapsed = 00:00:00.025 . Memory (MB): peak = 1449.102 ; gain = 0.000
Phase 4.1.1.1 BUFG Insertion | Checksum: d0ccbcaf

Time (s): cpu = 00:00:04 ; elapsed = 00:00:03 . Memory (MB): peak = 1449.102 ; gain = 7.488
INFO: [Place 30-746] Post Placement Timing Summary WNS=4.898. For the most accurate timing information please run report_timing.
Phase 4.1.1 Post Placement Optimization | Checksum: 11b3899de

Time (s): cpu = 00:00:04 ; elapsed = 00:00:03 . Memory (MB): peak = 1449.102 ; gain = 7.488
Phase 4.1 Post Commit Optimization | Checksum: 11b3899de

Time (s): cpu = 00:00:04 ; elapsed = 00:00:03 . Memory (MB): peak = 1449.102 ; gain = 7.488

Phase 4.2 Post Placement Cleanup
Phase 4.2 Post Placement Cleanup | Checksum: 11b3899de

Time (s): cpu = 00:00:04 ; elapsed = 00:00:03 . Memory (MB): peak = 1449.102 ; gain = 7.488

Phase 4.3 Placer Reporting
Phase 4.3 Placer Reporting | Checksum: 11b3899de

Time (s): cpu = 00:00:04 ; elapsed = 00:00:03 . Memory (MB): peak = 1449.102 ; gain = 7.488

Phase 4.4 Final Placement Cleanup
Netlist sorting complete. Time (s): cpu = 00:00:00 ; elapsed = 00:00:00 . Memory (MB): peak = 1449.102 ; gain = 0.000
Phase 4.4 Final Placement Cleanup | Checksum: 1c2e2d3e8

Time (s): cpu = 00:00:04 ; elapsed = 00:00:03 . Memory (MB): peak = 1449.102 ; gain = 7.488
Phase 4 Post Placement Optimization and Clean-Up | Checksum: 1c2e2d3e8

Time (s): cpu = 00:00:04 ; elapsed = 00:00:03 . Memory (MB): peak = 1449.102 ; gain = 7.488
Ending Placer Task | Checksum: 1690cdbec

Time (s): cpu = 00:00:04 ; elapsed = 00:00:03 . Memory (MB): peak = 1449.102 ; gain = 7.488
INFO: [Common 17-83] Releasing license: Implementation
60 Infos, 2 Warnings, 1 Critical Warnings and 0 Errors encountered.
place_design completed successfully
INFO: [Timing 38-480] Writing timing data to binary archive.
Writing placer database...
Writing XDEF routing.
Writing XDEF routing logical nets.
Writing XDEF routing special nets.
Write XDEF Complete: Time (s): cpu = 00:00:01 ; elapsed = 00:00:00.113 . Memory (MB): peak = 1449.105 ; gain = 0.004
INFO: [Common 17-1381] The checkpoint 'C:/Users/Carey/Desktop/repos/projectx/whack-a-mole/work/vivado/whack-a-mole/whack-a-mole.runs/impl_1/au_top_0_placed.dcp' has been generated.
INFO: [runtcl-4] Executing : report_io -file au_top_0_io_placed.rpt
report_io: Time (s): cpu = 00:00:00 ; elapsed = 00:00:00.048 . Memory (MB): peak = 1449.105 ; gain = 0.000
INFO: [runtcl-4] Executing : report_utilization -file au_top_0_utilization_placed.rpt -pb au_top_0_utilization_placed.pb
INFO: [runtcl-4] Executing : report_control_sets -verbose -file au_top_0_control_sets_placed.rpt
report_control_sets: Time (s): cpu = 00:00:00 ; elapsed = 00:00:00.003 . Memory (MB): peak = 1449.105 ; gain = 0.000
Command: phys_opt_design
Attempting to get a license for feature 'Implementation' and/or device 'xc7a35t'
INFO: [Common 17-349] Got license for feature 'Implementation' and/or device 'xc7a35t'
INFO: [Vivado_Tcl 4-383] Design worst setup slack (WNS) is greater than or equal to 0.000 ns. Skipping all physical synthesis optimizations.
INFO: [Vivado_Tcl 4-232] No setup violation found. The netlist was not modified.
INFO: [Common 17-83] Releasing license: Implementation
69 Infos, 2 Warnings, 1 Critical Warnings and 0 Errors encountered.
phys_opt_design completed successfully
INFO: [Timing 38-480] Writing timing data to binary archive.
Writing placer database...
Writing XDEF routing.
Writing XDEF routing logical nets.
Writing XDEF routing special nets.
Write XDEF Complete: Time (s): cpu = 00:00:00 ; elapsed = 00:00:00.124 . Memory (MB): peak = 1481.926 ; gain = 17.875
INFO: [Common 17-1381] The checkpoint 'C:/Users/Carey/Desktop/repos/projectx/whack-a-mole/work/vivado/whack-a-mole/whack-a-mole.runs/impl_1/au_top_0_physopt.dcp' has been generated.
Command: route_design
Attempting to get a license for feature 'Implementation' and/or device 'xc7a35t'
INFO: [Common 17-349] Got license for feature 'Implementation' and/or device 'xc7a35t'
Running DRC as a precondition to command route_design
INFO: [DRC 23-27] Running DRC with 2 threads
INFO: [Vivado_Tcl 4-198] DRC finished with 0 Errors
INFO: [Vivado_Tcl 4-199] Please refer to the DRC report (report_drc) for more information.


Starting Routing Task
INFO: [Route 35-254] Multithreading enabled for route_design using a maximum of 2 CPUs
Checksum: PlaceDB: af08199f ConstDB: 0 ShapeSum: ba04c24d RouteDB: 0

Phase 1 Build RT Design
Phase 1 Build RT Design | Checksum: 127dad02b

Time (s): cpu = 00:00:29 ; elapsed = 00:00:25 . Memory (MB): peak = 1574.145 ; gain = 81.176
Post Restoration Checksum: NetGraph: 5e534508 NumContArr: c9878b23 Constraints: 0 Timing: 0

Phase 2 Router Initialization

Phase 2.1 Create Timer
Phase 2.1 Create Timer | Checksum: 127dad02b

Time (s): cpu = 00:00:29 ; elapsed = 00:00:25 . Memory (MB): peak = 1574.145 ; gain = 81.176

Phase 2.2 Fix Topology Constraints
Phase 2.2 Fix Topology Constraints | Checksum: 127dad02b

Time (s): cpu = 00:00:29 ; elapsed = 00:00:25 . Memory (MB): peak = 1580.125 ; gain = 87.156

Phase 2.3 Pre Route Cleanup
Phase 2.3 Pre Route Cleanup | Checksum: 127dad02b

Time (s): cpu = 00:00:29 ; elapsed = 00:00:25 . Memory (MB): peak = 1580.125 ; gain = 87.156
 Number of Nodes with overlaps = 0

Phase 2.4 Update Timing
Phase 2.4 Update Timing | Checksum: 184a28547

Time (s): cpu = 00:00:29 ; elapsed = 00:00:25 . Memory (MB): peak = 1584.406 ; gain = 91.438
INFO: [Route 35-416] Intermediate Timing Summary | WNS=4.890  | TNS=0.000  | WHS=-0.118 | THS=-1.535 |

Phase 2 Router Initialization | Checksum: 105ec2c6f

Time (s): cpu = 00:00:29 ; elapsed = 00:00:25 . Memory (MB): peak = 1584.406 ; gain = 91.438

Router Utilization Summary
  Global Vertical Routing Utilization    = 0 %
  Global Horizontal Routing Utilization  = 0 %
  Routable Net Status*
  *Does not include unroutable nets such as driverless and loadless.
  Run report_route_status for detailed report.
  Number of Failed Nets               = 260
    (Failed Nets is the sum of unrouted and partially routed nets)
  Number of Unrouted Nets             = 260
  Number of Partially Routed Nets     = 0
  Number of Node Overlaps             = 0


Phase 3 Initial Routing
Phase 3 Initial Routing | Checksum: 1aee658c7

Time (s): cpu = 00:00:29 ; elapsed = 00:00:26 . Memory (MB): peak = 1584.688 ; gain = 91.719

Phase 4 Rip-up And Reroute

Phase 4.1 Global Iteration 0
 Number of Nodes with overlaps = 7
 Number of Nodes with overlaps = 0
INFO: [Route 35-416] Intermediate Timing Summary | WNS=5.107  | TNS=0.000  | WHS=N/A    | THS=N/A    |

Phase 4.1 Global Iteration 0 | Checksum: 15b6f8ec4

Time (s): cpu = 00:00:29 ; elapsed = 00:00:26 . Memory (MB): peak = 1584.688 ; gain = 91.719
Phase 4 Rip-up And Reroute | Checksum: 15b6f8ec4

Time (s): cpu = 00:00:29 ; elapsed = 00:00:26 . Memory (MB): peak = 1584.688 ; gain = 91.719

Phase 5 Delay and Skew Optimization

Phase 5.1 Delay CleanUp
Phase 5.1 Delay CleanUp | Checksum: 15b6f8ec4

Time (s): cpu = 00:00:29 ; elapsed = 00:00:26 . Memory (MB): peak = 1584.688 ; gain = 91.719

Phase 5.2 Clock Skew Optimization
Phase 5.2 Clock Skew Optimization | Checksum: 15b6f8ec4

Time (s): cpu = 00:00:29 ; elapsed = 00:00:26 . Memory (MB): peak = 1584.688 ; gain = 91.719
Phase 5 Delay and Skew Optimization | Checksum: 15b6f8ec4

Time (s): cpu = 00:00:29 ; elapsed = 00:00:26 . Memory (MB): peak = 1584.688 ; gain = 91.719

Phase 6 Post Hold Fix

Phase 6.1 Hold Fix Iter

Phase 6.1.1 Update Timing
Phase 6.1.1 Update Timing | Checksum: 235a13654

Time (s): cpu = 00:00:29 ; elapsed = 00:00:26 . Memory (MB): peak = 1584.688 ; gain = 91.719
INFO: [Route 35-416] Intermediate Timing Summary | WNS=5.199  | TNS=0.000  | WHS=0.198  | THS=0.000  |

Phase 6.1 Hold Fix Iter | Checksum: 235a13654

Time (s): cpu = 00:00:29 ; elapsed = 00:00:26 . Memory (MB): peak = 1584.688 ; gain = 91.719
Phase 6 Post Hold Fix | Checksum: 235a13654

Time (s): cpu = 00:00:29 ; elapsed = 00:00:26 . Memory (MB): peak = 1584.688 ; gain = 91.719

Phase 7 Route finalize

Router Utilization Summary
  Global Vertical Routing Utilization    = 0.0626644 %
  Global Horizontal Routing Utilization  = 0.0558303 %
  Routable Net Status*
  *Does not include unroutable nets such as driverless and loadless.
  Run report_route_status for detailed report.
  Number of Failed Nets               = 0
    (Failed Nets is the sum of unrouted and partially routed nets)
  Number of Unrouted Nets             = 0
  Number of Partially Routed Nets     = 0
  Number of Node Overlaps             = 0

Phase 7 Route finalize | Checksum: 1e7ced31b

Time (s): cpu = 00:00:29 ; elapsed = 00:00:26 . Memory (MB): peak = 1584.688 ; gain = 91.719

Phase 8 Verifying routed nets

 Verification completed successfully
Phase 8 Verifying routed nets | Checksum: 1e7ced31b

Time (s): cpu = 00:00:29 ; elapsed = 00:00:26 . Memory (MB): peak = 1586.695 ; gain = 93.727

Phase 9 Depositing Routes
Phase 9 Depositing Routes | Checksum: 18d04239d

Time (s): cpu = 00:00:29 ; elapsed = 00:00:26 . Memory (MB): peak = 1586.695 ; gain = 93.727

Phase 10 Post Router Timing
INFO: [Route 35-57] Estimated Timing Summary | WNS=5.199  | TNS=0.000  | WHS=0.198  | THS=0.000  |

INFO: [Route 35-327] The final timing numbers are based on the router estimated timing analysis. For a complete and accurate timing signoff, please run report_timing_summary.
Phase 10 Post Router Timing | Checksum: 18d04239d

Time (s): cpu = 00:00:29 ; elapsed = 00:00:26 . Memory (MB): peak = 1586.695 ; gain = 93.727
INFO: [Route 35-16] Router Completed Successfully

Time (s): cpu = 00:00:29 ; elapsed = 00:00:26 . Memory (MB): peak = 1586.695 ; gain = 93.727

Routing Is Done.
INFO: [Common 17-83] Releasing license: Implementation
83 Infos, 2 Warnings, 1 Critical Warnings and 0 Errors encountered.
route_design completed successfully
route_design: Time (s): cpu = 00:00:30 ; elapsed = 00:00:27 . Memory (MB): peak = 1586.695 ; gain = 104.770
INFO: [Timing 38-480] Writing timing data to binary archive.
Writing placer database...
Writing XDEF routing.
Writing XDEF routing logical nets.
Writing XDEF routing special nets.
Write XDEF Complete: Time (s): cpu = 00:00:01 ; elapsed = 00:00:00.084 . Memory (MB): peak = 1596.629 ; gain = 9.934
INFO: [Common 17-1381] The checkpoint 'C:/Users/Carey/Desktop/repos/projectx/whack-a-mole/work/vivado/whack-a-mole/whack-a-mole.runs/impl_1/au_top_0_routed.dcp' has been generated.
INFO: [runtcl-4] Executing : report_drc -file au_top_0_drc_routed.rpt -pb au_top_0_drc_routed.pb -rpx au_top_0_drc_routed.rpx
Command: report_drc -file au_top_0_drc_routed.rpt -pb au_top_0_drc_routed.pb -rpx au_top_0_drc_routed.rpx
INFO: [IP_Flow 19-1839] IP Catalog is up to date.
INFO: [DRC 23-27] Running DRC with 2 threads
INFO: [Coretcl 2-168] The results of DRC are in file C:/Users/Carey/Desktop/repos/projectx/whack-a-mole/work/vivado/whack-a-mole/whack-a-mole.runs/impl_1/au_top_0_drc_routed.rpt.
report_drc completed successfully
INFO: [runtcl-4] Executing : report_methodology -file au_top_0_methodology_drc_routed.rpt -pb au_top_0_methodology_drc_routed.pb -rpx au_top_0_methodology_drc_routed.rpx
Command: report_methodology -file au_top_0_methodology_drc_routed.rpt -pb au_top_0_methodology_drc_routed.pb -rpx au_top_0_methodology_drc_routed.rpx
INFO: [Timing 38-35] Done setting XDC timing constraints.
INFO: [DRC 23-133] Running Methodology with 2 threads
INFO: [Coretcl 2-1520] The results of Report Methodology are in file C:/Users/Carey/Desktop/repos/projectx/whack-a-mole/work/vivado/whack-a-mole/whack-a-mole.runs/impl_1/au_top_0_methodology_drc_routed.rpt.
report_methodology completed successfully
INFO: [runtcl-4] Executing : report_power -file au_top_0_power_routed.rpt -pb au_top_0_power_summary_routed.pb -rpx au_top_0_power_routed.rpx
Command: report_power -file au_top_0_power_routed.rpt -pb au_top_0_power_summary_routed.pb -rpx au_top_0_power_routed.rpx
INFO: [Timing 38-35] Done setting XDC timing constraints.
Running Vector-less Activity Propagation...

Finished Running Vector-less Activity Propagation
95 Infos, 2 Warnings, 1 Critical Warnings and 0 Errors encountered.
report_power completed successfully
INFO: [runtcl-4] Executing : report_route_status -file au_top_0_route_status.rpt -pb au_top_0_route_status.pb
INFO: [runtcl-4] Executing : report_timing_summary -max_paths 10 -file au_top_0_timing_summary_routed.rpt -pb au_top_0_timing_summary_routed.pb -rpx au_top_0_timing_summary_routed.rpx -warn_on_violation 
INFO: [Timing 38-91] UpdateTimingParams: Speed grade: -1, Delay Type: min_max.
INFO: [Timing 38-191] Multithreading enabled for timing update using a maximum of 2 CPUs
INFO: [runtcl-4] Executing : report_incremental_reuse -file au_top_0_incremental_reuse_routed.rpt
INFO: [Vivado_Tcl 4-1062] Incremental flow is disabled. No incremental reuse Info to report.
INFO: [runtcl-4] Executing : report_clock_utilization -file au_top_0_clock_utilization_routed.rpt
INFO: [runtcl-4] Executing : report_bus_skew -warn_on_violation -file au_top_0_bus_skew_routed.rpt -pb au_top_0_bus_skew_routed.pb -rpx au_top_0_bus_skew_routed.rpx
INFO: [Timing 38-91] UpdateTimingParams: Speed grade: -1, Delay Type: min_max.
INFO: [Timing 38-191] Multithreading enabled for timing update using a maximum of 2 CPUs
Command: write_bitstream -force au_top_0.bit -bin_file
Attempting to get a license for feature 'Implementation' and/or device 'xc7a35t'
INFO: [Common 17-349] Got license for feature 'Implementation' and/or device 'xc7a35t'
Running DRC as a precondition to command write_bitstream
INFO: [IP_Flow 19-1839] IP Catalog is up to date.
INFO: [DRC 23-27] Running DRC with 2 threads
INFO: [Vivado 12-3199] DRC finished with 0 Errors
INFO: [Vivado 12-3200] Please refer to the DRC report (report_drc) for more information.
INFO: [Designutils 20-2272] Running write_bitstream with 2 threads.
Loading data files...
Loading site data...
Loading route data...
Processing options...
Creating bitmap...
Creating bitstream...
Bitstream compression saved 14847072 bits.
Writing bitstream ./au_top_0.bit...
Writing bitstream ./au_top_0.bin...
INFO: [Vivado 12-1842] Bitgen Completed Successfully.
INFO: [Project 1-118] WebTalk data collection is enabled (User setting is ON. Install Setting is ON.).
INFO: [Common 17-186] 'C:/Users/Carey/Desktop/repos/projectx/whack-a-mole/work/vivado/whack-a-mole/whack-a-mole.runs/impl_1/usage_statistics_webtalk.xml' has been successfully sent to Xilinx on Thu Dec  3 01:55:25 2020. For additional details about this file, please refer to the WebTalk help file at C:/Xilinx/Vivado/2020.1/doc/webtalk_introduction.html.
INFO: [Common 17-83] Releasing license: Implementation
115 Infos, 2 Warnings, 1 Critical Warnings and 0 Errors encountered.
write_bitstream completed successfully
write_bitstream: Time (s): cpu = 00:00:14 ; elapsed = 00:00:19 . Memory (MB): peak = 2032.008 ; gain = 398.809
INFO: [Common 17-206] Exiting Vivado at Thu Dec  3 01:55:25 2020...
[Thu Dec  3 01:55:28 2020] impl_1 finished
wait_on_run: Time (s): cpu = 00:00:00 ; elapsed = 00:01:52 . Memory (MB): peak = 1012.840 ; gain = 0.000
INFO: [Common 17-206] Exiting Vivado at Thu Dec  3 01:55:28 2020...

Finished building project.
