
*** Running vivado
    with args -log au_top_0.vds -m64 -product Vivado -mode batch -messageDb vivado.pb -notrace -source au_top_0.tcl



****** Vivado v2020.1 (64-bit)
  **** SW Build 2902540 on Wed May 27 19:54:49 MDT 2020
  **** IP Build 2902112 on Wed May 27 22:43:36 MDT 2020
    ** Copyright 1986-2020 Xilinx, Inc. All Rights Reserved.

source au_top_0.tcl -notrace
Command: synth_design -top au_top_0 -part xc7a35tftg256-1
Starting synth_design
Attempting to get a license for feature 'Synthesis' and/or device 'xc7a35t'
INFO: [Common 17-349] Got license for feature 'Synthesis' and/or device 'xc7a35t'
INFO: [Device 21-403] Loading part xc7a35tftg256-1
INFO: [Synth 8-7079] Multithreading enabled for synth_design using a maximum of 2 processes.
INFO: [Synth 8-7078] Launching helper process for spawning children vivado processes
INFO: [Synth 8-7075] Helper process launched with PID 3196
---------------------------------------------------------------------------------
Starting RTL Elaboration : Time (s): cpu = 00:00:05 ; elapsed = 00:00:05 . Memory (MB): peak = 1012.762 ; gain = 0.000
---------------------------------------------------------------------------------
INFO: [Synth 8-6157] synthesizing module 'au_top_0' [C:/Users/Carey/Desktop/repos/projectx/whack-a-mole/work/vivado/whack-a-mole/whack-a-mole.srcs/sources_1/imports/verilog/au_top_0.v:7]
INFO: [Synth 8-6157] synthesizing module 'gamefsm_1' [C:/Users/Carey/Desktop/repos/projectx/whack-a-mole/work/vivado/whack-a-mole/whack-a-mole.srcs/sources_1/imports/verilog/gamefsm_1.v:7]
	Parameter IDLE_state bound to: 2'b00 
	Parameter CASE1_state bound to: 2'b01 
	Parameter CASE2_state bound to: 2'b10 
INFO: [Synth 8-6157] synthesizing module 'alu_5' [C:/Users/Carey/Desktop/repos/projectx/whack-a-mole/work/vivado/whack-a-mole/whack-a-mole.srcs/sources_1/imports/verilog/alu_5.v:7]
INFO: [Synth 8-6157] synthesizing module 'adder_9' [C:/Users/Carey/Desktop/repos/projectx/whack-a-mole/work/vivado/whack-a-mole/whack-a-mole.srcs/sources_1/imports/verilog/adder_9.v:7]
INFO: [Synth 8-226] default block is never used [C:/Users/Carey/Desktop/repos/projectx/whack-a-mole/work/vivado/whack-a-mole/whack-a-mole.srcs/sources_1/imports/verilog/adder_9.v:23]
INFO: [Synth 8-6155] done synthesizing module 'adder_9' (1#1) [C:/Users/Carey/Desktop/repos/projectx/whack-a-mole/work/vivado/whack-a-mole/whack-a-mole.srcs/sources_1/imports/verilog/adder_9.v:7]
INFO: [Synth 8-6157] synthesizing module 'compare_10' [C:/Users/Carey/Desktop/repos/projectx/whack-a-mole/work/vivado/whack-a-mole/whack-a-mole.srcs/sources_1/imports/verilog/compare_10.v:7]
INFO: [Synth 8-6155] done synthesizing module 'compare_10' (2#1) [C:/Users/Carey/Desktop/repos/projectx/whack-a-mole/work/vivado/whack-a-mole/whack-a-mole.srcs/sources_1/imports/verilog/compare_10.v:7]
INFO: [Synth 8-6157] synthesizing module 'boolean_11' [C:/Users/Carey/Desktop/repos/projectx/whack-a-mole/work/vivado/whack-a-mole/whack-a-mole.srcs/sources_1/imports/verilog/boolean_11.v:7]
INFO: [Synth 8-6155] done synthesizing module 'boolean_11' (3#1) [C:/Users/Carey/Desktop/repos/projectx/whack-a-mole/work/vivado/whack-a-mole/whack-a-mole.srcs/sources_1/imports/verilog/boolean_11.v:7]
INFO: [Synth 8-6157] synthesizing module 'shifter_12' [C:/Users/Carey/Desktop/repos/projectx/whack-a-mole/work/vivado/whack-a-mole/whack-a-mole.srcs/sources_1/imports/verilog/shifter_12.v:7]
INFO: [Synth 8-226] default block is never used [C:/Users/Carey/Desktop/repos/projectx/whack-a-mole/work/vivado/whack-a-mole/whack-a-mole.srcs/sources_1/imports/verilog/shifter_12.v:18]
INFO: [Synth 8-6155] done synthesizing module 'shifter_12' (4#1) [C:/Users/Carey/Desktop/repos/projectx/whack-a-mole/work/vivado/whack-a-mole/whack-a-mole.srcs/sources_1/imports/verilog/shifter_12.v:7]
INFO: [Synth 8-226] default block is never used [C:/Users/Carey/Desktop/repos/projectx/whack-a-mole/work/vivado/whack-a-mole/whack-a-mole.srcs/sources_1/imports/verilog/alu_5.v:92]
INFO: [Synth 8-6155] done synthesizing module 'alu_5' (5#1) [C:/Users/Carey/Desktop/repos/projectx/whack-a-mole/work/vivado/whack-a-mole/whack-a-mole.srcs/sources_1/imports/verilog/alu_5.v:7]
INFO: [Synth 8-6157] synthesizing module 'stateCounter_6' [C:/Users/Carey/Desktop/repos/projectx/whack-a-mole/work/vivado/whack-a-mole/whack-a-mole.srcs/sources_1/imports/verilog/stateCounter_6.v:7]
INFO: [Synth 8-6155] done synthesizing module 'stateCounter_6' (6#1) [C:/Users/Carey/Desktop/repos/projectx/whack-a-mole/work/vivado/whack-a-mole/whack-a-mole.srcs/sources_1/imports/verilog/stateCounter_6.v:7]
INFO: [Synth 8-6157] synthesizing module 'multi_seven_seg_7' [C:/Users/Carey/Desktop/repos/projectx/whack-a-mole/work/vivado/whack-a-mole/whack-a-mole.srcs/sources_1/imports/verilog/multi_seven_seg_7.v:12]
	Parameter DIGITS bound to: 2'b10 
	Parameter DIV bound to: 5'b10000 
	Parameter DIGIT_BITS bound to: 1'b1 
INFO: [Synth 8-6157] synthesizing module 'counter_13' [C:/Users/Carey/Desktop/repos/projectx/whack-a-mole/work/vivado/whack-a-mole/whack-a-mole.srcs/sources_1/imports/verilog/counter_13.v:14]
	Parameter SIZE bound to: 1'b1 
	Parameter DIV bound to: 5'b10000 
	Parameter TOP bound to: 3'b001 
	Parameter UP bound to: 1'b1 
	Parameter MAX_VALUE bound to: 19'b0011111111111111111 
INFO: [Synth 8-6155] done synthesizing module 'counter_13' (7#1) [C:/Users/Carey/Desktop/repos/projectx/whack-a-mole/work/vivado/whack-a-mole/whack-a-mole.srcs/sources_1/imports/verilog/counter_13.v:14]
INFO: [Synth 8-6157] synthesizing module 'seven_seg_14' [C:/Users/Carey/Desktop/repos/projectx/whack-a-mole/work/vivado/whack-a-mole/whack-a-mole.srcs/sources_1/imports/verilog/seven_seg_14.v:7]
INFO: [Synth 8-6155] done synthesizing module 'seven_seg_14' (8#1) [C:/Users/Carey/Desktop/repos/projectx/whack-a-mole/work/vivado/whack-a-mole/whack-a-mole.srcs/sources_1/imports/verilog/seven_seg_14.v:7]
INFO: [Synth 8-6157] synthesizing module 'decoder_15' [C:/Users/Carey/Desktop/repos/projectx/whack-a-mole/work/vivado/whack-a-mole/whack-a-mole.srcs/sources_1/imports/verilog/decoder_15.v:11]
	Parameter WIDTH bound to: 1'b1 
INFO: [Synth 8-6155] done synthesizing module 'decoder_15' (9#1) [C:/Users/Carey/Desktop/repos/projectx/whack-a-mole/work/vivado/whack-a-mole/whack-a-mole.srcs/sources_1/imports/verilog/decoder_15.v:11]
INFO: [Synth 8-6155] done synthesizing module 'multi_seven_seg_7' (10#1) [C:/Users/Carey/Desktop/repos/projectx/whack-a-mole/work/vivado/whack-a-mole/whack-a-mole.srcs/sources_1/imports/verilog/multi_seven_seg_7.v:12]
INFO: [Synth 8-155] case statement is not full and has no default [C:/Users/Carey/Desktop/repos/projectx/whack-a-mole/work/vivado/whack-a-mole/whack-a-mole.srcs/sources_1/imports/verilog/gamefsm_1.v:82]
INFO: [Synth 8-6155] done synthesizing module 'gamefsm_1' (11#1) [C:/Users/Carey/Desktop/repos/projectx/whack-a-mole/work/vivado/whack-a-mole/whack-a-mole.srcs/sources_1/imports/verilog/gamefsm_1.v:7]
INFO: [Synth 8-6157] synthesizing module 'reset_conditioner_2' [C:/Users/Carey/Desktop/repos/projectx/whack-a-mole/work/vivado/whack-a-mole/whack-a-mole.srcs/sources_1/imports/verilog/reset_conditioner_2.v:11]
	Parameter STAGES bound to: 3'b100 
INFO: [Synth 8-6155] done synthesizing module 'reset_conditioner_2' (12#1) [C:/Users/Carey/Desktop/repos/projectx/whack-a-mole/work/vivado/whack-a-mole/whack-a-mole.srcs/sources_1/imports/verilog/reset_conditioner_2.v:11]
INFO: [Synth 8-6157] synthesizing module 'button_conditioner_3' [C:/Users/Carey/Desktop/repos/projectx/whack-a-mole/work/vivado/whack-a-mole/whack-a-mole.srcs/sources_1/imports/verilog/button_conditioner_3.v:13]
	Parameter CLK_FREQ bound to: 26'b10111110101111000010000000 
	Parameter MIN_DELAY bound to: 5'b10100 
	Parameter NUM_SYNC bound to: 2'b10 
INFO: [Synth 8-6157] synthesizing module 'pipeline_8' [C:/Users/Carey/Desktop/repos/projectx/whack-a-mole/work/vivado/whack-a-mole/whack-a-mole.srcs/sources_1/imports/verilog/pipeline_8.v:11]
	Parameter DEPTH bound to: 2'b10 
INFO: [Synth 8-6155] done synthesizing module 'pipeline_8' (13#1) [C:/Users/Carey/Desktop/repos/projectx/whack-a-mole/work/vivado/whack-a-mole/whack-a-mole.srcs/sources_1/imports/verilog/pipeline_8.v:11]
INFO: [Synth 8-6155] done synthesizing module 'button_conditioner_3' (14#1) [C:/Users/Carey/Desktop/repos/projectx/whack-a-mole/work/vivado/whack-a-mole/whack-a-mole.srcs/sources_1/imports/verilog/button_conditioner_3.v:13]
INFO: [Synth 8-6157] synthesizing module 'edge_detector_4' [C:/Users/Carey/Desktop/repos/projectx/whack-a-mole/work/vivado/whack-a-mole/whack-a-mole.srcs/sources_1/imports/verilog/edge_detector_4.v:12]
	Parameter RISE bound to: 1'b1 
	Parameter FALL bound to: 1'b0 
INFO: [Synth 8-6155] done synthesizing module 'edge_detector_4' (15#1) [C:/Users/Carey/Desktop/repos/projectx/whack-a-mole/work/vivado/whack-a-mole/whack-a-mole.srcs/sources_1/imports/verilog/edge_detector_4.v:12]
INFO: [Synth 8-6155] done synthesizing module 'au_top_0' (16#1) [C:/Users/Carey/Desktop/repos/projectx/whack-a-mole/work/vivado/whack-a-mole/whack-a-mole.srcs/sources_1/imports/verilog/au_top_0.v:7]
---------------------------------------------------------------------------------
Finished RTL Elaboration : Time (s): cpu = 00:00:06 ; elapsed = 00:00:06 . Memory (MB): peak = 1012.762 ; gain = 0.000
---------------------------------------------------------------------------------
---------------------------------------------------------------------------------
Start Handling Custom Attributes
---------------------------------------------------------------------------------
---------------------------------------------------------------------------------
Finished Handling Custom Attributes : Time (s): cpu = 00:00:06 ; elapsed = 00:00:06 . Memory (MB): peak = 1012.762 ; gain = 0.000
---------------------------------------------------------------------------------
---------------------------------------------------------------------------------
Finished RTL Optimization Phase 1 : Time (s): cpu = 00:00:06 ; elapsed = 00:00:06 . Memory (MB): peak = 1012.762 ; gain = 0.000
---------------------------------------------------------------------------------
Netlist sorting complete. Time (s): cpu = 00:00:00 ; elapsed = 00:00:00.007 . Memory (MB): peak = 1012.762 ; gain = 0.000
INFO: [Project 1-570] Preparing netlist for logic optimization

Processing XDC Constraints
Initializing timing engine
Parsing XDC File [C:/Users/Carey/Desktop/repos/projectx/whack-a-mole/work/constraint/alchitry.xdc]
Finished Parsing XDC File [C:/Users/Carey/Desktop/repos/projectx/whack-a-mole/work/constraint/alchitry.xdc]
INFO: [Project 1-236] Implementation specific constraints were found while reading constraint file [C:/Users/Carey/Desktop/repos/projectx/whack-a-mole/work/constraint/alchitry.xdc]. These constraints will be ignored for synthesis but will be used in implementation. Impacted constraints are listed in the file [.Xil/au_top_0_propImpl.xdc].
Resolution: To avoid this warning, move constraints listed in [.Xil/au_top_0_propImpl.xdc] to another XDC file and exclude this new file from synthesis with the used_in_synthesis property (File Properties dialog in GUI) and re-run elaboration/synthesis.
Parsing XDC File [C:/Program Files/Alchitry/Alchitry Labs/library/components/au.xdc]
Finished Parsing XDC File [C:/Program Files/Alchitry/Alchitry Labs/library/components/au.xdc]
Parsing XDC File [C:/Users/Carey/Desktop/repos/projectx/whack-a-mole/work/constraint/custom.xdc]
WARNING: [Constraints 18-619] A clock with name 'clk_0' already exists, overwriting the previous clock with the same name. [C:/Users/Carey/Desktop/repos/projectx/whack-a-mole/work/constraint/custom.xdc:2]
Finished Parsing XDC File [C:/Users/Carey/Desktop/repos/projectx/whack-a-mole/work/constraint/custom.xdc]
INFO: [Project 1-236] Implementation specific constraints were found while reading constraint file [C:/Users/Carey/Desktop/repos/projectx/whack-a-mole/work/constraint/custom.xdc]. These constraints will be ignored for synthesis but will be used in implementation. Impacted constraints are listed in the file [.Xil/au_top_0_propImpl.xdc].
Resolution: To avoid this warning, move constraints listed in [.Xil/au_top_0_propImpl.xdc] to another XDC file and exclude this new file from synthesis with the used_in_synthesis property (File Properties dialog in GUI) and re-run elaboration/synthesis.
Completed Processing XDC Constraints

Netlist sorting complete. Time (s): cpu = 00:00:00 ; elapsed = 00:00:00 . Memory (MB): peak = 1012.762 ; gain = 0.000
INFO: [Project 1-111] Unisim Transformation Summary:
No Unisim elements were transformed.

Constraint Validation Runtime : Time (s): cpu = 00:00:00 ; elapsed = 00:00:00.004 . Memory (MB): peak = 1012.762 ; gain = 0.000
---------------------------------------------------------------------------------
Finished Constraint Validation : Time (s): cpu = 00:00:13 ; elapsed = 00:00:13 . Memory (MB): peak = 1012.762 ; gain = 0.000
---------------------------------------------------------------------------------
---------------------------------------------------------------------------------
Start Loading Part and Timing Information
---------------------------------------------------------------------------------
Loading part: xc7a35tftg256-1
---------------------------------------------------------------------------------
Finished Loading Part and Timing Information : Time (s): cpu = 00:00:13 ; elapsed = 00:00:13 . Memory (MB): peak = 1012.762 ; gain = 0.000
---------------------------------------------------------------------------------
---------------------------------------------------------------------------------
Start Applying 'set_property' XDC Constraints
---------------------------------------------------------------------------------
---------------------------------------------------------------------------------
Finished applying 'set_property' XDC Constraints : Time (s): cpu = 00:00:13 ; elapsed = 00:00:13 . Memory (MB): peak = 1012.762 ; gain = 0.000
---------------------------------------------------------------------------------
---------------------------------------------------------------------------------
Finished RTL Optimization Phase 2 : Time (s): cpu = 00:00:13 ; elapsed = 00:00:14 . Memory (MB): peak = 1012.762 ; gain = 0.000
---------------------------------------------------------------------------------
---------------------------------------------------------------------------------
Start RTL Component Statistics 
---------------------------------------------------------------------------------
Detailed RTL Component Info : 
+---Adders : 
	   2 Input   28 Bit       Adders := 1     
	   2 Input   17 Bit       Adders := 1     
	   3 Input   16 Bit       Adders := 1     
	   2 Input   16 Bit       Adders := 1     
+---XORs : 
	   2 Input      1 Bit         XORs := 16    
+---Registers : 
	               28 Bit    Registers := 1     
	               17 Bit    Registers := 1     
	                4 Bit    Registers := 1     
	                2 Bit    Registers := 4     
	                1 Bit    Registers := 3     
+---Muxes : 
	   2 Input   17 Bit        Muxes := 1     
	   2 Input   16 Bit        Muxes := 1     
	   4 Input   16 Bit        Muxes := 2     
	   2 Input    4 Bit        Muxes := 1     
	   2 Input    1 Bit        Muxes := 3     
---------------------------------------------------------------------------------
Finished RTL Component Statistics 
---------------------------------------------------------------------------------
---------------------------------------------------------------------------------
Start Part Resource Summary
---------------------------------------------------------------------------------
Part Resources:
DSPs: 90 (col length:60)
BRAMs: 100 (col length: RAMB18 60 RAMB36 30)
---------------------------------------------------------------------------------
Finished Part Resource Summary
---------------------------------------------------------------------------------
---------------------------------------------------------------------------------
Start Cross Boundary and Area Optimization
---------------------------------------------------------------------------------
---------------------------------------------------------------------------------
Finished Cross Boundary and Area Optimization : Time (s): cpu = 00:00:15 ; elapsed = 00:00:16 . Memory (MB): peak = 1012.762 ; gain = 0.000
---------------------------------------------------------------------------------
---------------------------------------------------------------------------------
Start Applying XDC Timing Constraints
---------------------------------------------------------------------------------
WARNING: [Synth 8-565] redefining clock 'clk_0'
---------------------------------------------------------------------------------
Finished Applying XDC Timing Constraints : Time (s): cpu = 00:00:23 ; elapsed = 00:00:23 . Memory (MB): peak = 1012.762 ; gain = 0.000
---------------------------------------------------------------------------------
---------------------------------------------------------------------------------
Start Timing Optimization
---------------------------------------------------------------------------------
---------------------------------------------------------------------------------
Finished Timing Optimization : Time (s): cpu = 00:00:23 ; elapsed = 00:00:23 . Memory (MB): peak = 1012.762 ; gain = 0.000
---------------------------------------------------------------------------------
---------------------------------------------------------------------------------
Start Technology Mapping
---------------------------------------------------------------------------------
---------------------------------------------------------------------------------
Finished Technology Mapping : Time (s): cpu = 00:00:23 ; elapsed = 00:00:23 . Memory (MB): peak = 1012.762 ; gain = 0.000
---------------------------------------------------------------------------------
---------------------------------------------------------------------------------
Start IO Insertion
---------------------------------------------------------------------------------
---------------------------------------------------------------------------------
Start Flattening Before IO Insertion
---------------------------------------------------------------------------------
---------------------------------------------------------------------------------
Finished Flattening Before IO Insertion
---------------------------------------------------------------------------------
---------------------------------------------------------------------------------
Start Final Netlist Cleanup
---------------------------------------------------------------------------------
---------------------------------------------------------------------------------
Finished Final Netlist Cleanup
---------------------------------------------------------------------------------
---------------------------------------------------------------------------------
Finished IO Insertion : Time (s): cpu = 00:00:27 ; elapsed = 00:00:27 . Memory (MB): peak = 1012.762 ; gain = 0.000
---------------------------------------------------------------------------------
---------------------------------------------------------------------------------
Start Renaming Generated Instances
---------------------------------------------------------------------------------
---------------------------------------------------------------------------------
Finished Renaming Generated Instances : Time (s): cpu = 00:00:27 ; elapsed = 00:00:27 . Memory (MB): peak = 1012.762 ; gain = 0.000
---------------------------------------------------------------------------------
---------------------------------------------------------------------------------
Start Rebuilding User Hierarchy
---------------------------------------------------------------------------------
---------------------------------------------------------------------------------
Finished Rebuilding User Hierarchy : Time (s): cpu = 00:00:27 ; elapsed = 00:00:27 . Memory (MB): peak = 1012.762 ; gain = 0.000
---------------------------------------------------------------------------------
---------------------------------------------------------------------------------
Start Renaming Generated Ports
---------------------------------------------------------------------------------
---------------------------------------------------------------------------------
Finished Renaming Generated Ports : Time (s): cpu = 00:00:27 ; elapsed = 00:00:27 . Memory (MB): peak = 1012.762 ; gain = 0.000
---------------------------------------------------------------------------------
---------------------------------------------------------------------------------
Start Handling Custom Attributes
---------------------------------------------------------------------------------
---------------------------------------------------------------------------------
Finished Handling Custom Attributes : Time (s): cpu = 00:00:27 ; elapsed = 00:00:27 . Memory (MB): peak = 1012.762 ; gain = 0.000
---------------------------------------------------------------------------------
---------------------------------------------------------------------------------
Start Renaming Generated Nets
---------------------------------------------------------------------------------
---------------------------------------------------------------------------------
Finished Renaming Generated Nets : Time (s): cpu = 00:00:27 ; elapsed = 00:00:27 . Memory (MB): peak = 1012.762 ; gain = 0.000
---------------------------------------------------------------------------------
---------------------------------------------------------------------------------
Start Writing Synthesis Report
---------------------------------------------------------------------------------

Report BlackBoxes: 
+-+--------------+----------+
| |BlackBox name |Instances |
+-+--------------+----------+
+-+--------------+----------+

Report Cell Usage: 
+------+-------+------+
|      |Cell   |Count |
+------+-------+------+
|1     |BUFG   |     1|
|2     |CARRY4 |    26|
|3     |LUT1   |     9|
|4     |LUT2   |     2|
|5     |LUT4   |    19|
|6     |LUT5   |     6|
|7     |LUT6   |    26|
|8     |FDRE   |   114|
|9     |FDSE   |     4|
|10    |IBUF   |     6|
|11    |OBUF   |    48|
+------+-------+------+
---------------------------------------------------------------------------------
Finished Writing Synthesis Report : Time (s): cpu = 00:00:27 ; elapsed = 00:00:27 . Memory (MB): peak = 1012.762 ; gain = 0.000
---------------------------------------------------------------------------------
Synthesis finished with 0 errors, 0 critical warnings and 1 warnings.
Synthesis Optimization Runtime : Time (s): cpu = 00:00:18 ; elapsed = 00:00:25 . Memory (MB): peak = 1012.762 ; gain = 0.000
Synthesis Optimization Complete : Time (s): cpu = 00:00:27 ; elapsed = 00:00:27 . Memory (MB): peak = 1012.762 ; gain = 0.000
INFO: [Project 1-571] Translating synthesized netlist
Netlist sorting complete. Time (s): cpu = 00:00:00 ; elapsed = 00:00:00.003 . Memory (MB): peak = 1012.762 ; gain = 0.000
INFO: [Netlist 29-17] Analyzing 26 Unisim elements for replacement
INFO: [Netlist 29-28] Unisim Transformation completed in 0 CPU seconds
INFO: [Project 1-570] Preparing netlist for logic optimization
INFO: [Opt 31-138] Pushed 0 inverter(s) to 0 load pin(s).
Netlist sorting complete. Time (s): cpu = 00:00:00 ; elapsed = 00:00:00 . Memory (MB): peak = 1012.762 ; gain = 0.000
INFO: [Project 1-111] Unisim Transformation Summary:
No Unisim elements were transformed.

INFO: [Common 17-83] Releasing license: Synthesis
52 Infos, 2 Warnings, 0 Critical Warnings and 0 Errors encountered.
synth_design completed successfully
synth_design: Time (s): cpu = 00:00:32 ; elapsed = 00:00:34 . Memory (MB): peak = 1012.762 ; gain = 0.000
INFO: [Common 17-1381] The checkpoint 'C:/Users/Carey/Desktop/repos/projectx/whack-a-mole/work/vivado/whack-a-mole/whack-a-mole.runs/synth_1/au_top_0.dcp' has been generated.
INFO: [runtcl-4] Executing : report_utilization -file au_top_0_utilization_synth.rpt -pb au_top_0_utilization_synth.pb
INFO: [Common 17-206] Exiting Vivado at Mon Nov  9 15:10:39 2020...
